Flow report for nios2_project_wrapper_de2
Tue Oct 30 19:23:07 2018
Quartus II 64-Bit Version 13.0.0 Build 156 04/24/2013 SJ Web Edition


---------------------
; Table of Contents ;
---------------------
  1. Legal Notice
  2. Flow Summary
  3. Flow Settings
  4. Flow Non-Default Global Settings
  5. Flow Elapsed Time
  6. Flow OS Summary
  7. Flow Log
  8. Flow Messages
  9. Flow Suppressed Messages



----------------
; Legal Notice ;
----------------
Copyright (C) 1991-2013 Altera Corporation
Your use of Altera Corporation's design tools, logic functions 
and other software and tools, and its AMPP partner logic 
functions, and any output files from any of the foregoing 
(including device programming or simulation files), and any 
associated documentation or information are expressly subject 
to the terms and conditions of the Altera Program License 
Subscription Agreement, Altera MegaCore Function License 
Agreement, or other applicable license agreement, including, 
without limitation, that your use is for the sole purpose of 
programming logic devices manufactured by Altera and sold by 
Altera or its authorized distributors.  Please refer to the 
applicable agreement for further details.



+---------------------------------------------------------------------------------+
; Flow Summary                                                                    ;
+------------------------------------+--------------------------------------------+
; Flow Status                        ; Successful - Tue Oct 30 19:23:03 2018      ;
; Quartus II 64-Bit Version          ; 13.0.0 Build 156 04/24/2013 SJ Web Edition ;
; Revision Name                      ; nios2_project_wrapper_de2                  ;
; Top-level Entity Name              ; nios2_project_wrapper_de2                  ;
; Family                             ; Cyclone II                                 ;
; Device                             ; EP2C35F672C6                               ;
; Timing Models                      ; Final                                      ;
; Total logic elements               ; 2,492 / 33,216 ( 8 % )                     ;
;     Total combinational functions  ; 2,313 / 33,216 ( 7 % )                     ;
;     Dedicated logic registers      ; 1,461 / 33,216 ( 4 % )                     ;
; Total registers                    ; 1461                                       ;
; Total pins                         ; 10 / 475 ( 2 % )                           ;
; Total virtual pins                 ; 0                                          ;
; Total memory bits                  ; 192,384 / 483,840 ( 40 % )                 ;
; Embedded Multiplier 9-bit elements ; 0 / 70 ( 0 % )                             ;
; Total PLLs                         ; 0 / 4 ( 0 % )                              ;
+------------------------------------+--------------------------------------------+


+-----------------------------------------------+
; Flow Settings                                 ;
+-------------------+---------------------------+
; Option            ; Setting                   ;
+-------------------+---------------------------+
; Start date & time ; 10/30/2018 19:22:12       ;
; Main task         ; Compilation               ;
; Revision Name     ; nios2_project_wrapper_de2 ;
+-------------------+---------------------------+


+------------------------------------------------------------------------------------------------------------------------------------------------------------------+
; Flow Non-Default Global Settings                                                                                                                                 ;
+-------------------------------------+-------------------------------------------------------------+---------------+---------------------------------+------------+
; Assignment Name                     ; Value                                                       ; Default Value ; Entity Name                     ; Section Id ;
+-------------------------------------+-------------------------------------------------------------+---------------+---------------------------------+------------+
; COMPILER_SIGNATURE_ID               ; 53849994312407.154093813204256                              ; --            ; --                              ; --         ;
; IP_TOOL_ENV                         ; Qsys                                                        ; --            ; altera_avalon_sc_fifo           ; --         ;
; IP_TOOL_ENV                         ; Qsys                                                        ; --            ; altera_merlin_master_agent      ; --         ;
; IP_TOOL_ENV                         ; Qsys                                                        ; --            ; altera_merlin_master_translator ; --         ;
; IP_TOOL_ENV                         ; Qsys                                                        ; --            ; altera_merlin_slave_agent       ; --         ;
; IP_TOOL_ENV                         ; Qsys                                                        ; --            ; altera_merlin_slave_translator  ; --         ;
; IP_TOOL_ENV                         ; Qsys                                                        ; --            ; altera_merlin_traffic_limiter   ; --         ;
; IP_TOOL_ENV                         ; Qsys                                                        ; --            ; altera_reset_controller         ; --         ;
; IP_TOOL_ENV                         ; Qsys                                                        ; --            ; nios2_soc                       ; --         ;
; IP_TOOL_ENV                         ; Qsys                                                        ; --            ; nios2_soc_addr_router           ; --         ;
; IP_TOOL_ENV                         ; Qsys                                                        ; --            ; nios2_soc_addr_router_001       ; --         ;
; IP_TOOL_ENV                         ; Qsys                                                        ; --            ; nios2_soc_cmd_xbar_demux        ; --         ;
; IP_TOOL_ENV                         ; Qsys                                                        ; --            ; nios2_soc_cmd_xbar_demux_001    ; --         ;
; IP_TOOL_ENV                         ; Qsys                                                        ; --            ; nios2_soc_cmd_xbar_mux          ; --         ;
; IP_TOOL_ENV                         ; Qsys                                                        ; --            ; nios2_soc_cpu                   ; --         ;
; IP_TOOL_ENV                         ; Qsys                                                        ; --            ; nios2_soc_id_router             ; --         ;
; IP_TOOL_ENV                         ; Qsys                                                        ; --            ; nios2_soc_id_router_002         ; --         ;
; IP_TOOL_ENV                         ; Qsys                                                        ; --            ; nios2_soc_irq_mapper            ; --         ;
; IP_TOOL_ENV                         ; Qsys                                                        ; --            ; nios2_soc_jtag_uart             ; --         ;
; IP_TOOL_ENV                         ; Qsys                                                        ; --            ; nios2_soc_led_pio               ; --         ;
; IP_TOOL_ENV                         ; Qsys                                                        ; --            ; nios2_soc_onchip_mem            ; --         ;
; IP_TOOL_ENV                         ; Qsys                                                        ; --            ; nios2_soc_rsp_xbar_demux        ; --         ;
; IP_TOOL_ENV                         ; Qsys                                                        ; --            ; nios2_soc_rsp_xbar_demux_002    ; --         ;
; IP_TOOL_ENV                         ; Qsys                                                        ; --            ; nios2_soc_rsp_xbar_mux          ; --         ;
; IP_TOOL_ENV                         ; Qsys                                                        ; --            ; nios2_soc_rsp_xbar_mux_001      ; --         ;
; IP_TOOL_ENV                         ; Qsys                                                        ; --            ; nios2_soc_sys_clk_timer         ; --         ;
; IP_TOOL_ENV                         ; Qsys                                                        ; --            ; nios2_soc_sysid                 ; --         ;
; IP_TOOL_NAME                        ; altera_avalon_sc_fifo                                       ; --            ; altera_avalon_sc_fifo           ; --         ;
; IP_TOOL_NAME                        ; altera_merlin_master_agent                                  ; --            ; altera_merlin_master_agent      ; --         ;
; IP_TOOL_NAME                        ; altera_merlin_master_translator                             ; --            ; altera_merlin_master_translator ; --         ;
; IP_TOOL_NAME                        ; altera_merlin_slave_agent                                   ; --            ; altera_merlin_slave_agent       ; --         ;
; IP_TOOL_NAME                        ; altera_merlin_slave_translator                              ; --            ; altera_merlin_slave_translator  ; --         ;
; IP_TOOL_NAME                        ; altera_merlin_traffic_limiter                               ; --            ; altera_merlin_traffic_limiter   ; --         ;
; IP_TOOL_NAME                        ; altera_reset_controller                                     ; --            ; altera_reset_controller         ; --         ;
; IP_TOOL_NAME                        ; Qsys                                                        ; --            ; nios2_soc                       ; --         ;
; IP_TOOL_NAME                        ; altera_merlin_router                                        ; --            ; nios2_soc_addr_router           ; --         ;
; IP_TOOL_NAME                        ; altera_merlin_router                                        ; --            ; nios2_soc_addr_router_001       ; --         ;
; IP_TOOL_NAME                        ; altera_merlin_demultiplexer                                 ; --            ; nios2_soc_cmd_xbar_demux        ; --         ;
; IP_TOOL_NAME                        ; altera_merlin_demultiplexer                                 ; --            ; nios2_soc_cmd_xbar_demux_001    ; --         ;
; IP_TOOL_NAME                        ; altera_merlin_multiplexer                                   ; --            ; nios2_soc_cmd_xbar_mux          ; --         ;
; IP_TOOL_NAME                        ; altera_nios2_qsys                                           ; --            ; nios2_soc_cpu                   ; --         ;
; IP_TOOL_NAME                        ; altera_merlin_router                                        ; --            ; nios2_soc_id_router             ; --         ;
; IP_TOOL_NAME                        ; altera_merlin_router                                        ; --            ; nios2_soc_id_router_002         ; --         ;
; IP_TOOL_NAME                        ; altera_irq_mapper                                           ; --            ; nios2_soc_irq_mapper            ; --         ;
; IP_TOOL_NAME                        ; altera_avalon_jtag_uart                                     ; --            ; nios2_soc_jtag_uart             ; --         ;
; IP_TOOL_NAME                        ; altera_avalon_pio                                           ; --            ; nios2_soc_led_pio               ; --         ;
; IP_TOOL_NAME                        ; altera_avalon_onchip_memory2                                ; --            ; nios2_soc_onchip_mem            ; --         ;
; IP_TOOL_NAME                        ; altera_merlin_demultiplexer                                 ; --            ; nios2_soc_rsp_xbar_demux        ; --         ;
; IP_TOOL_NAME                        ; altera_merlin_demultiplexer                                 ; --            ; nios2_soc_rsp_xbar_demux_002    ; --         ;
; IP_TOOL_NAME                        ; altera_merlin_multiplexer                                   ; --            ; nios2_soc_rsp_xbar_mux          ; --         ;
; IP_TOOL_NAME                        ; altera_merlin_multiplexer                                   ; --            ; nios2_soc_rsp_xbar_mux_001      ; --         ;
; IP_TOOL_NAME                        ; altera_avalon_timer                                         ; --            ; nios2_soc_sys_clk_timer         ; --         ;
; IP_TOOL_NAME                        ; altera_avalon_sysid_qsys                                    ; --            ; nios2_soc_sysid                 ; --         ;
; IP_TOOL_VERSION                     ; 13.0                                                        ; --            ; altera_avalon_sc_fifo           ; --         ;
; IP_TOOL_VERSION                     ; 13.0                                                        ; --            ; altera_merlin_master_agent      ; --         ;
; IP_TOOL_VERSION                     ; 13.0                                                        ; --            ; altera_merlin_master_translator ; --         ;
; IP_TOOL_VERSION                     ; 13.0                                                        ; --            ; altera_merlin_slave_agent       ; --         ;
; IP_TOOL_VERSION                     ; 13.0                                                        ; --            ; altera_merlin_slave_translator  ; --         ;
; IP_TOOL_VERSION                     ; 13.0                                                        ; --            ; altera_merlin_traffic_limiter   ; --         ;
; IP_TOOL_VERSION                     ; 13.0                                                        ; --            ; altera_reset_controller         ; --         ;
; IP_TOOL_VERSION                     ; 13.0sp1                                                     ; --            ; nios2_soc                       ; --         ;
; IP_TOOL_VERSION                     ; 13.0                                                        ; --            ; nios2_soc_addr_router           ; --         ;
; IP_TOOL_VERSION                     ; 13.0                                                        ; --            ; nios2_soc_addr_router_001       ; --         ;
; IP_TOOL_VERSION                     ; 13.0                                                        ; --            ; nios2_soc_cmd_xbar_demux        ; --         ;
; IP_TOOL_VERSION                     ; 13.0                                                        ; --            ; nios2_soc_cmd_xbar_demux_001    ; --         ;
; IP_TOOL_VERSION                     ; 13.0                                                        ; --            ; nios2_soc_cmd_xbar_mux          ; --         ;
; IP_TOOL_VERSION                     ; 13.0                                                        ; --            ; nios2_soc_cpu                   ; --         ;
; IP_TOOL_VERSION                     ; 13.0                                                        ; --            ; nios2_soc_id_router             ; --         ;
; IP_TOOL_VERSION                     ; 13.0                                                        ; --            ; nios2_soc_id_router_002         ; --         ;
; IP_TOOL_VERSION                     ; 13.0                                                        ; --            ; nios2_soc_irq_mapper            ; --         ;
; IP_TOOL_VERSION                     ; 13.0.1.99.2                                                 ; --            ; nios2_soc_jtag_uart             ; --         ;
; IP_TOOL_VERSION                     ; 13.0.1.99.2                                                 ; --            ; nios2_soc_led_pio               ; --         ;
; IP_TOOL_VERSION                     ; 13.0.1.99.2                                                 ; --            ; nios2_soc_onchip_mem            ; --         ;
; IP_TOOL_VERSION                     ; 13.0                                                        ; --            ; nios2_soc_rsp_xbar_demux        ; --         ;
; IP_TOOL_VERSION                     ; 13.0                                                        ; --            ; nios2_soc_rsp_xbar_demux_002    ; --         ;
; IP_TOOL_VERSION                     ; 13.0                                                        ; --            ; nios2_soc_rsp_xbar_mux          ; --         ;
; IP_TOOL_VERSION                     ; 13.0                                                        ; --            ; nios2_soc_rsp_xbar_mux_001      ; --         ;
; IP_TOOL_VERSION                     ; 13.0.1.99.2                                                 ; --            ; nios2_soc_sys_clk_timer         ; --         ;
; IP_TOOL_VERSION                     ; 13.0                                                        ; --            ; nios2_soc_sysid                 ; --         ;
; MAX_CORE_JUNCTION_TEMP              ; 85                                                          ; --            ; --                              ; --         ;
; MIN_CORE_JUNCTION_TEMP              ; 0                                                           ; --            ; --                              ; --         ;
; MISC_FILE                           ; nios2_soc/synthesis/../../nios2_soc.cmp                     ; --            ; --                              ; --         ;
; MISC_FILE                           ; nios2_soc/synthesis/../../nios2_soc.qsys                    ; --            ; --                              ; --         ;
; PARTITION_COLOR                     ; 16764057                                                    ; --            ; --                              ; Top        ;
; PARTITION_FITTER_PRESERVATION_LEVEL ; PLACEMENT_AND_ROUTING                                       ; --            ; --                              ; Top        ;
; PARTITION_NETLIST_TYPE              ; SOURCE                                                      ; --            ; --                              ; Top        ;
; PROJECT_OUTPUT_DIRECTORY            ; output_files                                                ; --            ; --                              ; --         ;
; SLD_INFO                            ; QSYS_NAME nios2_soc HAS_SOPCINFO 1 GENERATION_ID 1536242190 ; --            ; nios2_soc                       ; --         ;
; SOPCINFO_FILE                       ; nios2_soc/synthesis/../../nios2_soc.sopcinfo                ; --            ; --                              ; --         ;
; SYNTHESIS_ONLY_QIP                  ; On                                                          ; --            ; --                              ; --         ;
+-------------------------------------+-------------------------------------------------------------+---------------+---------------------------------+------------+


+-------------------------------------------------------------------------------------------------------------------------------+
; Flow Elapsed Time                                                                                                             ;
+---------------------------+--------------+-------------------------+---------------------+------------------------------------+
; Module Name               ; Elapsed Time ; Average Processors Used ; Peak Virtual Memory ; Total CPU Time (on all processors) ;
+---------------------------+--------------+-------------------------+---------------------+------------------------------------+
; Analysis & Synthesis      ; 00:00:19     ; 1.0                     ; 4733 MB             ; 00:00:19                           ;
; Fitter                    ; 00:00:24     ; 1.0                     ; 4847 MB             ; 00:00:22                           ;
; Assembler                 ; 00:00:04     ; 1.0                     ; 4580 MB             ; 00:00:03                           ;
; TimeQuest Timing Analyzer ; 00:00:03     ; 1.0                     ; 4574 MB             ; 00:00:03                           ;
; Total                     ; 00:00:50     ; --                      ; --                  ; 00:00:47                           ;
+---------------------------+--------------+-------------------------+---------------------+------------------------------------+


+----------------------------------------------------------------------------------------+
; Flow OS Summary                                                                        ;
+---------------------------+------------------+-----------+------------+----------------+
; Module Name               ; Machine Hostname ; OS Name   ; OS Version ; Processor type ;
+---------------------------+------------------+-----------+------------+----------------+
; Analysis & Synthesis      ; allu-win         ; Windows 7 ; 6.2        ; x86_64         ;
; Fitter                    ; allu-win         ; Windows 7 ; 6.2        ; x86_64         ;
; Assembler                 ; allu-win         ; Windows 7 ; 6.2        ; x86_64         ;
; TimeQuest Timing Analyzer ; allu-win         ; Windows 7 ; 6.2        ; x86_64         ;
+---------------------------+------------------+-----------+------------+----------------+


------------
; Flow Log ;
------------
quartus_map --read_settings_files=on --write_settings_files=off nios2_project_wrapper_de2 -c nios2_project_wrapper_de2
quartus_fit --read_settings_files=off --write_settings_files=off nios2_project_wrapper_de2 -c nios2_project_wrapper_de2
quartus_asm --read_settings_files=off --write_settings_files=off nios2_project_wrapper_de2 -c nios2_project_wrapper_de2
quartus_sta nios2_project_wrapper_de2 -c nios2_project_wrapper_de2



